Archive Project report for FINAL
Sun Oct 29 12:37:58 2017
Quartus II 64-Bit Version 15.0.0 Build 145 04/22/2015 SJ Web Edition


---------------------
; Table of Contents ;
---------------------
  1. Legal Notice
  2. Archive Project Summary
  3. Archive Project Messages
  4. Files Archived



----------------
; Legal Notice ;
----------------
Copyright (C) 1991-2015 Altera Corporation. All rights reserved.
Your use of Altera Corporation's design tools, logic functions 
and other software and tools, and its AMPP partner logic 
functions, and any output files from any of the foregoing 
(including device programming or simulation files), and any 
associated documentation or information are expressly subject 
to the terms and conditions of the Altera Program License 
Subscription Agreement, the Altera Quartus II License Agreement,
the Altera MegaCore Function License Agreement, or other 
applicable license agreement, including, without limitation, 
that your use is for the sole purpose of programming logic 
devices manufactured by Altera and sold by Altera or its 
authorized distributors.  Please refer to the applicable 
agreement for further details.



+----------------------------------------------------------------+
; Archive Project Summary                                        ;
+------------------------+---------------------------------------+
; Archive Project Status ; Successful - Sun Oct 29 12:37:58 2017 ;
; Revision Name          ; FINAL                                 ;
; Top-level Entity Name  ; FINAL                                 ;
; Family                 ; MAX II                                ;
+------------------------+---------------------------------------+


+--------------------------+
; Archive Project Messages ;
+--------------------------+
Info: File Set 'Source control' contains:
    Info: Project source and settings files
    Info: Automatically detected source files
Info: Archive will store files relative to the closest common parent directory
Info (13213): Using common directory C:/altera/15.0/F/
Info: ----------------------------------------------------------
Info: ----------------------------------------------------------
Info: Generated archive 'C:/altera/15.0/F/FINAL.qar'
Info: ----------------------------------------------------------
Info: ----------------------------------------------------------
Info: Generated report 'FINAL.archive.rpt'
Info (23030): Evaluation of Tcl script c:/altera/15.0/quartus/common/tcl/apps/qpm/qar.tcl was successful
Info: Quartus II 64-Bit Shell was successful. 0 errors, 0 warnings
    Info: Peak virtual memory: 546 megabytes
    Info: Processing ended: Sun Oct 29 12:37:58 2017
    Info: Elapsed time: 00:00:06
    Info: Total CPU time (on all processors): 00:00:01


+------------------------------------------------------+
; Files Archived                                       ;
+------------------------------------------------------+
; File Name                                            ;
+------------------------------------------------------+
; c:/altera/15.0/quartus/bin64/assignment_defaults.qdf ;
; CIN.bdf                                              ;
; DIV.bdf                                              ;
; DIVFIVEnew.bdf                                       ;
; DIVSixteen.bdf                                       ;
; EightBitDIV.bdf                                      ;
; FINAL.bdf                                            ;
; FINAL.qpf                                            ;
; FINAL.qsf                                            ;
; FINAL.vwf                                            ;
; FourBitDIV.bdf                                       ;
; FULL.bdf                                             ;
; FULLA.bdf                                            ;
; HALF.bdf                                             ;
; MOD.bdf                                              ;
; MODD.bdf                                             ;
; MODDTWO.bdf                                          ;
; RCAFOURTEEN.bdf                                      ;
; RCASIX.bdf                                           ;
; RCATHREE.bdf                                         ;
; REMA.bdf                                             ;
+------------------------------------------------------+


